# JRE version: OpenJDK Runtime Environment (21.0.8) (build 21.0.8+-14196175-b1038.72)
# Java VM: OpenJDK 64-Bit Server VM (21.0.8+-14196175-b1038.72, mixed mode, tiered, compressed oops, compressed class ptrs, g1 gc, windows-amd64)
GC Precious Log:
 CardTable entry size: 512
 Card Set container configuration: InlinePtr #cards 4 size 8 Array Of Cards #cards 32 size 80 Howl #buckets 8 coarsen threshold 7372 Howl Bitmap #cards 1024 size 144 coarsen threshold 921 Card regions per heap region 1 cards per card region 8192
 CPUs: 4 total, 4 available
 Memory: 8075M
 Large Page Support: Disabled
 NUMA Support: Disabled
 Compressed Oops: Enabled (Zero based)
 Heap Region Size: 4M
 Heap Min Capacity: 8M
 Heap Initial Capacity: 128M
 Heap Max Capacity: 8G
 Pre-touch: Disabled
 Parallel Workers: 4
 Concurrent Workers: 1
 Concurrent Refinement Workers: 4
 Periodic GC: Disabled
Heap:
 garbage-first heap   total 1449984K, used 321816K [0x0000000600000000, 0x0000000800000000)
  region size 4096K, 3 young (12288K), 3 survivors (12288K)
 Metaspace       used 212187K, committed 213760K, reserved 1245184K
  class space    used 28021K, committed 28800K, reserved 1048576K
GC Heap History (20 events):
Event: 19370.529 GC heap after
{Heap after GC invocations=122 (full 0):
 garbage-first heap   total 1425408K, used 274369K [0x0000000600000000, 0x0000000800000000)
  region size 4096K, 1 young (4096K), 1 survivors (4096K)
 Metaspace       used 206705K, committed 208192K, reserved 1245184K
  class space    used 27334K, committed 28032K, reserved 1048576K
}
Event: 19373.806 GC heap before
{Heap before GC invocations=122 (full 0):
 garbage-first heap   total 1425408K, used 372673K [0x0000000600000000, 0x0000000800000000)
  region size 4096K, 26 young (106496K), 1 survivors (4096K)
 Metaspace       used 208373K, committed 209856K, reserved 1245184K
  class space    used 27539K, committed 28288K, reserved 1048576K
}
Event: 19373.832 GC heap after
{Heap after GC invocations=123 (full 0):
 garbage-first heap   total 1425408K, used 285119K [0x0000000600000000, 0x0000000800000000)
  region size 4096K, 3 young (12288K), 3 survivors (12288K)
 Metaspace       used 208373K, committed 209856K, reserved 1245184K
  class space    used 27539K, committed 28288K, reserved 1048576K
}
Event: 19375.022 GC heap before
{Heap before GC invocations=123 (full 0):
 garbage-first heap   total 1425408K, used 338367K [0x0000000600000000, 0x0000000800000000)
  region size 4096K, 17 young (69632K), 3 survivors (12288K)
 Metaspace       used 208492K, committed 209984K, reserved 1245184K
  class space    used 27553K, committed 28288K, reserved 1048576K
}
Event: 19375.080 GC heap after
{Heap after GC invocations=124 (full 0):
 garbage-first heap   total 1425408K, used 299776K [0x0000000600000000, 0x0000000800000000)
  region size 4096K, 3 young (12288K), 3 survivors (12288K)
 Metaspace       used 208492K, committed 209984K, reserved 1245184K
  class space    used 27553K, committed 28288K, reserved 1048576K
}
Event: 19376.033 GC heap before
{Heap before GC invocations=124 (full 0):
 garbage-first heap   total 1040384K, used 340736K [0x0000000600000000, 0x0000000800000000)
  region size 4096K, 12 young (49152K), 3 survivors (12288K)
 Metaspace       used 209061K, committed 210560K, reserved 1245184K
  class space    used 27622K, committed 28352K, reserved 1048576K
}
Event: 19376.050 GC heap after
{Heap after GC invocations=125 (full 0):
 garbage-first heap   total 1040384K, used 304198K [0x0000000600000000, 0x0000000800000000)
  region size 4096K, 1 young (4096K), 1 survivors (4096K)
 Metaspace       used 209061K, committed 210560K, reserved 1245184K
  class space    used 27622K, committed 28352K, reserved 1048576K
}
Event: 19381.979 GC heap before
{Heap before GC invocations=126 (full 0):
 garbage-first heap   total 1040384K, used 390214K [0x0000000600000000, 0x0000000800000000)
  region size 4096K, 19 young (77824K), 1 survivors (4096K)
 Metaspace       used 210709K, committed 212352K, reserved 1245184K
  class space    used 27863K, committed 28672K, reserved 1048576K
}
Event: 19381.996 GC heap after
{Heap after GC invocations=127 (full 0):
 garbage-first heap   total 1040384K, used 304454K [0x0000000600000000, 0x0000000800000000)
  region size 4096K, 3 young (12288K), 3 survivors (12288K)
 Metaspace       used 210709K, committed 212352K, reserved 1245184K
  class space    used 27863K, committed 28672K, reserved 1048576K
}
Event: 19398.413 GC heap before
{Heap before GC invocations=127 (full 0):
 garbage-first heap   total 1040384K, used 533830K [0x0000000600000000, 0x0000000800000000)
  region size 4096K, 54 young (221184K), 3 survivors (12288K)
 Metaspace       used 211635K, committed 213248K, reserved 1245184K
  class space    used 27973K, committed 28800K, reserved 1048576K
}
Event: 19398.463 GC heap after
{Heap after GC invocations=128 (full 0):
 garbage-first heap   total 1040384K, used 317001K [0x0000000600000000, 0x0000000800000000)
  region size 4096K, 3 young (12288K), 3 survivors (12288K)
 Metaspace       used 211635K, committed 213248K, reserved 1245184K
  class space    used 27973K, committed 28800K, reserved 1048576K
}
Event: 21719.711 GC heap before
{Heap before GC invocations=128 (full 0):
 garbage-first heap   total 1040384K, used 607817K [0x0000000600000000, 0x0000000800000000)
  region size 4096K, 75 young (307200K), 3 survivors (12288K)
 Metaspace       used 212003K, committed 213632K, reserved 1245184K
  class space    used 28016K, committed 28800K, reserved 1048576K
}
Event: 21721.153 GC heap after
{Heap after GC invocations=129 (full 0):
 garbage-first heap   total 1040384K, used 308651K [0x0000000600000000, 0x0000000800000000)
  region size 4096K, 5 young (20480K), 5 survivors (20480K)
 Metaspace       used 212003K, committed 213632K, reserved 1245184K
  class space    used 28016K, committed 28800K, reserved 1048576K
}
Event: 21723.209 GC heap before
{Heap before GC invocations=129 (full 0):
 garbage-first heap   total 1040384K, used 337323K [0x0000000600000000, 0x0000000800000000)
  region size 4096K, 12 young (49152K), 5 survivors (20480K)
 Metaspace       used 212066K, committed 213632K, reserved 1245184K
  class space    used 28017K, committed 28800K, reserved 1048576K
}
Event: 21723.526 GC heap after
{Heap after GC invocations=130 (full 0):
 garbage-first heap   total 1040384K, used 311972K [0x0000000600000000, 0x0000000800000000)
  region size 4096K, 2 young (8192K), 2 survivors (8192K)
 Metaspace       used 212066K, committed 213632K, reserved 1245184K
  class space    used 28017K, committed 28800K, reserved 1048576K
}
Event: 21742.223 GC heap before
{Heap before GC invocations=130 (full 0):
 garbage-first heap   total 1040384K, used 352932K [0x0000000600000000, 0x0000000800000000)
  region size 4096K, 12 young (49152K), 2 survivors (8192K)
 Metaspace       used 212112K, committed 213696K, reserved 1245184K
  class space    used 28019K, committed 28800K, reserved 1048576K
}
Event: 21742.386 GC heap after
{Heap after GC invocations=131 (full 0):
 garbage-first heap   total 1040384K, used 314641K [0x0000000600000000, 0x0000000800000000)
  region size 4096K, 2 young (8192K), 2 survivors (8192K)
 Metaspace       used 212112K, committed 213696K, reserved 1245184K
  class space    used 28019K, committed 28800K, reserved 1048576K
}
Event: 21745.310 GC heap before
{Heap before GC invocations=131 (full 0):
 garbage-first heap   total 1040384K, used 355601K [0x0000000600000000, 0x0000000800000000)
  region size 4096K, 12 young (49152K), 2 survivors (8192K)
 Metaspace       used 212153K, committed 213696K, reserved 1245184K
  class space    used 28020K, committed 28800K, reserved 1048576K
}
Event: 21745.417 GC heap after
{Heap after GC invocations=132 (full 0):
 garbage-first heap   total 1040384K, used 316973K [0x0000000600000000, 0x0000000800000000)
  region size 4096K, 2 young (8192K), 2 survivors (8192K)
 Metaspace       used 212153K, committed 213696K, reserved 1245184K
  class space    used 28020K, committed 28800K, reserved 1048576K
}
Event: 21759.770 GC heap before
{Heap before GC invocations=132 (full 0):
 garbage-first heap   total 1040384K, used 419373K [0x0000000600000000, 0x0000000800000000)
  region size 4096K, 28 young (114688K), 2 survivors (8192K)
 Metaspace       used 212187K, committed 213760K, reserved 1245184K
  class space    used 28021K, committed 28800K, reserved 1048576K
}

